  main.cpp
c:\users\kisho\documents\github\474-quarter-project\fbx_convert_prog\bone.h(64): warning C4018: '<': signed/unsigned mismatch
c:\users\kisho\documents\github\474-quarter-project\fbx_convert_prog\bone.h(66): warning C4018: '<': signed/unsigned mismatch
c:\users\kisho\documents\github\474-quarter-project\fbx_convert_prog\bone.h(78): warning C4018: '<': signed/unsigned mismatch
c:\users\kisho\documents\github\474-quarter-project\fbx_convert_prog\bone.h(82): warning C4018: '>': signed/unsigned mismatch
c:\users\kisho\documents\github\474-quarter-project\fbx_convert_prog\bone.h(103): warning C4018: '<': signed/unsigned mismatch
c:\users\kisho\documents\github\474-quarter-project\fbx_convert_prog\bone.h(113): warning C4018: '<': signed/unsigned mismatch
c:\users\kisho\documents\github\474-quarter-project\fbx_convert_prog\bone.h(145): warning C4018: '<': signed/unsigned mismatch
c:\users\kisho\documents\github\474-quarter-project\fbx_convert_prog\bone.h(119): warning C4101: 'q2': unreferenced local variable
c:\users\kisho\documents\github\474-quarter-project\fbx_convert_prog\bone.h(119): warning C4101: 'q1': unreferenced local variable
c:\users\kisho\documents\github\474-quarter-project\fbx_convert_prog\bone.h(158): warning C4018: '<': signed/unsigned mismatch
c:\users\kisho\documents\github\474-quarter-project\fbx_convert_prog\bone.h(211): warning C4018: '<': signed/unsigned mismatch
c:\users\kisho\documents\github\474-quarter-project\fbx_convert_prog\bone.h(226): warning C4018: '<': signed/unsigned mismatch
c:\users\kisho\documents\github\474-quarter-project\fbx_convert_prog\bone.h(242): warning C4018: '<': signed/unsigned mismatch
c:\users\kisho\documents\github\474-quarter-project\fbx_convert_prog\bone.h(248): warning C4018: '<': signed/unsigned mismatch
c:\users\kisho\documents\github\474-quarter-project\fbx_convert_prog\bone.h(256): warning C4018: '<': signed/unsigned mismatch
c:\users\kisho\documents\github\474-quarter-project\fbx_convert_prog\main.cpp(64): warning C4244: '=': conversion from 'double' to 'float', possible loss of data
c:\users\kisho\documents\github\474-quarter-project\fbx_convert_prog\main.cpp(68): warning C4244: '=': conversion from 'double' to 'float', possible loss of data
c:\users\kisho\documents\github\474-quarter-project\fbx_convert_prog\main.cpp(72): warning C4244: '=': conversion from 'double' to 'float', possible loss of data
c:\users\kisho\documents\github\474-quarter-project\fbx_convert_prog\main.cpp(74): warning C4244: '=': conversion from 'double' to 'float', possible loss of data
c:\users\kisho\documents\github\474-quarter-project\fbx_convert_prog\main.cpp(300): warning C4996: 'strcpy': This function or variable may be unsafe. Consider using strcpy_s instead. To disable deprecation, use _CRT_SECURE_NO_WARNINGS. See online help for details.
  c:\program files (x86)\windows kits\10\include\10.0.17134.0\ucrt\string.h(133): note: see declaration of 'strcpy'
c:\users\kisho\documents\github\474-quarter-project\fbx_convert_prog\main.cpp(446): warning C4305: 'initializing': truncation from 'double' to 'float'
  fbx_convert_prog.vcxproj -> C:\Users\kisho\Documents\GitHub\474-Quarter-Project\Debug\fbx_convert_prog.exe
